<?xml version="1.0" encoding="UTF-8"?>
<!-- Generated by org.testng.reporters.JUnitXMLReporter -->
<testsuite ignored="0" hostname="LAPTOP-HRHRPB70" failures="0" tests="2" name="Edge Test" time="0.422" errors="0" timestamp="2024-12-19T21:15:05 IST">
  <testcase classname="testClasses.ManageUsersTestClass" name="verifyTheManagerUsersPageIsOpenWhileClickingOnUsers" time="0.003">
    <skipped/>
  </testcase> <!-- verifyTheManagerUsersPageIsOpenWhileClickingOnUsers -->
  <testcase classname="testClasses.ManageUsersTestClass" name="verifyToAddNewUser" time="0.006">
    <skipped/>
  </testcase> <!-- verifyToAddNewUser -->
</testsuite> <!-- Edge Test -->
