<?xml version="1.0" encoding="UTF-8"?>
<!-- Generated by org.testng.reporters.JUnitXMLReporter -->
<testsuite ignored="0" hostname="LAPTOP-HRHRPB70" failures="0" tests="2" name="Test" time="0.397" errors="0" timestamp="2024-12-19T20:59:43 IST">
  <testcase classname="testClasses.BaseClass" name="@BeforeSuite createReport" time="-1.734622181894E9">
    <failure type="org.testng.TestNGException" message="
Native Injection is NOT supported for @BeforeSuite annotated createReport.
For more information on native dependency injection please refer to https://testng.org/#_dependency_injection">
      <![CDATA[org.testng.TestNGException: 
Native Injection is NOT supported for @BeforeSuite annotated createReport.
For more information on native dependency injection please refer to https://testng.org/#_dependency_injection
... Removed 16 stack frames]]>
    </failure>
  </testcase> <!-- @BeforeSuite createReport -->
  <testcase classname="testClasses.BaseClass" name="@BeforeClass beforeClass" time="0.0">
    <skipped/>
  </testcase> <!-- @BeforeClass beforeClass -->
  <testcase classname="testClasses.BaseClass" name="@BeforeMethod beforeMethod" time="0.0">
    <skipped/>
  </testcase> <!-- @BeforeMethod beforeMethod -->
  <testcase classname="testClasses.BaseClass" name="@AfterMethod afterMethod" time="0.0">
    <skipped/>
  </testcase> <!-- @AfterMethod afterMethod -->
  <testcase classname="testClasses.BaseClass" name="@BeforeMethod beforeMethod" time="0.0">
    <skipped/>
  </testcase> <!-- @BeforeMethod beforeMethod -->
  <testcase classname="testClasses.BaseClass" name="@AfterMethod afterMethod" time="0.0">
    <skipped/>
  </testcase> <!-- @AfterMethod afterMethod -->
  <testcase classname="testClasses.ManageUsersTestClass" name="verifyTheManagerUsersPageIsOpenWhileClickingOnUsers" time="0.006">
    <skipped/>
  </testcase> <!-- verifyTheManagerUsersPageIsOpenWhileClickingOnUsers -->
  <testcase classname="testClasses.ManageUsersTestClass" name="verifyToAddNewUser" time="0.001">
    <skipped/>
  </testcase> <!-- verifyToAddNewUser -->
</testsuite> <!-- Test -->
